{"count":206,"date":"2022-05-24","type":"blocklistde110"}
{"count":226,"date":"2022-05-24","type":"blocklistde143"}
{"count":17,"date":"2022-05-24","type":"blocklistde21"}
{"count":599,"date":"2022-05-24","type":"blocklistde22"}
{"count":202,"date":"2022-05-24","type":"blocklistde25"}
{"count":161,"date":"2022-05-24","type":"blocklistde443"}
{"count":161,"date":"2022-05-24","type":"blocklistde80"}
{"count":206,"date":"2022-05-24","type":"blocklistde993"}
{"count":161,"date":"2022-05-24","type":"blocklistdeapache"}
{"count":24,"date":"2022-05-24","type":"blocklistdeasterisk"}
{"count":17,"date":"2022-05-24","type":"blocklistdebots"}
{"count":154,"date":"2022-05-24","type":"blocklistdebruteforcelogin"}
{"count":206,"date":"2022-05-24","type":"blocklistdecourierimap"}
{"count":1423,"date":"2022-05-24","type":"ciarmy"}
{"count":37,"date":"2022-05-24","type":"emergincompromised"}
{"count":17,"date":"2022-05-24","type":"emergingthreats"}
{"count":1564,"date":"2022-05-24","type":"forumspam"}
{"count":1,"date":"2022-05-24","type":"leakix"}
{"count":4,"date":"2022-05-24","type":"miner"}
{"count":27,"date":"2022-05-24","type":"myip"}
{"count":6,"date":"2022-05-24","type":"torexit"}
{"count":2,"date":"2022-05-25","type":"binaryedge"}
{"count":303,"date":"2022-05-25","type":"blocklistde110"}
{"count":294,"date":"2022-05-25","type":"blocklistde143"}
{"count":27,"date":"2022-05-25","type":"blocklistde21"}
{"count":523,"date":"2022-05-25","type":"blocklistde22"}
{"count":295,"date":"2022-05-25","type":"blocklistde25"}
{"count":141,"date":"2022-05-25","type":"blocklistde443"}
{"count":141,"date":"2022-05-25","type":"blocklistde80"}
{"count":304,"date":"2022-05-25","type":"blocklistde993"}
{"count":141,"date":"2022-05-25","type":"blocklistdeapache"}
{"count":29,"date":"2022-05-25","type":"blocklistdeasterisk"}
{"count":20,"date":"2022-05-25","type":"blocklistdebots"}
{"count":125,"date":"2022-05-25","type":"blocklistdebruteforcelogin"}
{"count":303,"date":"2022-05-25","type":"blocklistdecourierimap"}
{"count":1383,"date":"2022-05-25","type":"ciarmy"}
{"count":33,"date":"2022-05-25","type":"emergincompromised"}
{"count":108,"date":"2022-05-25","type":"emergingthreats"}
{"count":1525,"date":"2022-05-25","type":"forumspam"}
{"count":38,"date":"2022-05-25","type":"leakix"}
{"count":2,"date":"2022-05-25","type":"miner"}
{"count":22,"date":"2022-05-25","type":"myip"}
{"count":9,"date":"2022-05-25","type":"torexit"}
{"count":111,"date":"2022-05-26","type":"blocklistde110"}
{"count":217,"date":"2022-05-26","type":"blocklistde143"}
{"count":21,"date":"2022-05-26","type":"blocklistde21"}
{"count":267,"date":"2022-05-26","type":"blocklistde22"}
{"count":112,"date":"2022-05-26","type":"blocklistde25"}
{"count":49,"date":"2022-05-26","type":"blocklistde443"}
{"count":49,"date":"2022-05-26","type":"blocklistde80"}
{"count":111,"date":"2022-05-26","type":"blocklistde993"}
{"count":49,"date":"2022-05-26","type":"blocklistdeapache"}
{"count":26,"date":"2022-05-26","type":"blocklistdeasterisk"}
{"count":8,"date":"2022-05-26","type":"blocklistdebots"}
{"count":50,"date":"2022-05-26","type":"blocklistdebruteforcelogin"}
{"count":111,"date":"2022-05-26","type":"blocklistdecourierimap"}
{"count":769,"date":"2022-05-26","type":"ciarmy"}
{"count":16,"date":"2022-05-26","type":"emergingthreats"}
{"count":840,"date":"2022-05-26","type":"forumspam"}
{"count":1,"date":"2022-05-26","type":"leakix"}
{"count":6,"date":"2022-05-26","type":"miner"}
{"count":28,"date":"2022-05-26","type":"myip"}
{"count":6,"date":"2022-05-26","type":"torexit"}
{"count":395,"date":"2022-05-27","type":"blocklistde110"}
{"count":456,"date":"2022-05-27","type":"blocklistde143"}
{"count":13,"date":"2022-05-27","type":"blocklistde21"}
{"count":525,"date":"2022-05-27","type":"blocklistde22"}
{"count":386,"date":"2022-05-27","type":"blocklistde25"}
{"count":99,"date":"2022-05-27","type":"blocklistde443"}
{"count":99,"date":"2022-05-27","type":"blocklistde80"}
{"count":394,"date":"2022-05-27","type":"blocklistde993"}
{"count":99,"date":"2022-05-27","type":"blocklistdeapache"}
{"count":48,"date":"2022-05-27","type":"blocklistdeasterisk"}
{"count":12,"date":"2022-05-27","type":"blocklistdebots"}
{"count":94,"date":"2022-05-27","type":"blocklistdebruteforcelogin"}
{"count":394,"date":"2022-05-27","type":"blocklistdecourierimap"}
{"count":1252,"date":"2022-05-27","type":"ciarmy"}
{"count":12,"date":"2022-05-27","type":"emergincompromised"}
{"count":24,"date":"2022-05-27","type":"emergingthreats"}
{"count":1406,"date":"2022-05-27","type":"forumspam"}
{"count":3,"date":"2022-05-27","type":"leakix"}
{"count":4,"date":"2022-05-27","type":"miner"}
{"count":18,"date":"2022-05-27","type":"myip"}
{"count":6,"date":"2022-05-27","type":"torexit"}
{"count":337,"date":"2022-05-28","type":"blocklistde110"}
{"count":270,"date":"2022-05-28","type":"blocklistde143"}
{"count":7,"date":"2022-05-28","type":"blocklistde21"}
{"count":592,"date":"2022-05-28","type":"blocklistde22"}
{"count":335,"date":"2022-05-28","type":"blocklistde25"}
{"count":229,"date":"2022-05-28","type":"blocklistde443"}
{"count":230,"date":"2022-05-28","type":"blocklistde80"}
{"count":337,"date":"2022-05-28","type":"blocklistde993"}
{"count":229,"date":"2022-05-28","type":"blocklistdeapache"}
{"count":60,"date":"2022-05-28","type":"blocklistdeasterisk"}
{"count":19,"date":"2022-05-28","type":"blocklistdebots"}
{"count":224,"date":"2022-05-28","type":"blocklistdebruteforcelogin"}
{"count":337,"date":"2022-05-28","type":"blocklistdecourierimap"}
{"count":546,"date":"2022-05-28","type":"ciarmy"}
{"count":11,"date":"2022-05-28","type":"emergincompromised"}
{"count":1046,"date":"2022-05-28","type":"forumspam"}
{"count":7,"date":"2022-05-28","type":"leakix"}
{"count":3,"date":"2022-05-28","type":"miner"}
{"count":20,"date":"2022-05-28","type":"myip"}
{"count":5,"date":"2022-05-28","type":"torexit"}
{"count":152,"date":"2022-05-29","type":"blocklistde110"}
{"count":75,"date":"2022-05-29","type":"blocklistde143"}
{"count":6,"date":"2022-05-29","type":"blocklistde21"}
{"count":436,"date":"2022-05-29","type":"blocklistde22"}
{"count":151,"date":"2022-05-29","type":"blocklistde25"}
{"count":117,"date":"2022-05-29","type":"blocklistde443"}
{"count":117,"date":"2022-05-29","type":"blocklistde80"}
{"count":152,"date":"2022-05-29","type":"blocklistde993"}
{"count":117,"date":"2022-05-29","type":"blocklistdeapache"}
{"count":45,"date":"2022-05-29","type":"blocklistdeasterisk"}
{"count":18,"date":"2022-05-29","type":"blocklistdebots"}
{"count":115,"date":"2022-05-29","type":"blocklistdebruteforcelogin"}
{"count":152,"date":"2022-05-29","type":"blocklistdecourierimap"}
{"count":2468,"date":"2022-05-29","type":"ciarmy"}
{"count":873,"date":"2022-05-29","type":"forumspam"}
{"count":1,"date":"2022-05-29","type":"miner"}
{"count":9,"date":"2022-05-29","type":"myip"}
{"count":4,"date":"2022-05-29","type":"torexit"}
{"count":161,"date":"2022-05-30","type":"blocklistde110"}
{"count":164,"date":"2022-05-30","type":"blocklistde143"}
{"count":11,"date":"2022-05-30","type":"blocklistde21"}
{"count":1627,"date":"2022-05-30","type":"blocklistde22"}
{"count":163,"date":"2022-05-30","type":"blocklistde25"}
{"count":172,"date":"2022-05-30","type":"blocklistde443"}
{"count":172,"date":"2022-05-30","type":"blocklistde80"}
{"count":161,"date":"2022-05-30","type":"blocklistde993"}
{"count":172,"date":"2022-05-30","type":"blocklistdeapache"}
{"count":44,"date":"2022-05-30","type":"blocklistdeasterisk"}
{"count":13,"date":"2022-05-30","type":"blocklistdebots"}
{"count":167,"date":"2022-05-30","type":"blocklistdebruteforcelogin"}
{"count":161,"date":"2022-05-30","type":"blocklistdecourierimap"}
{"count":1165,"date":"2022-05-30","type":"ciarmy"}
{"count":12,"date":"2022-05-30","type":"emergingthreats"}
{"count":1227,"date":"2022-05-30","type":"forumspam"}
{"count":1,"date":"2022-05-30","type":"miner"}
{"count":26,"date":"2022-05-30","type":"myip"}
{"count":1,"date":"2022-05-30","type":"torexit"}
{"count":197,"date":"2022-05-31","type":"blocklistde110"}
{"count":69,"date":"2022-05-31","type":"blocklistde143"}
{"count":23,"date":"2022-05-31","type":"blocklistde21"}
{"count":1008,"date":"2022-05-31","type":"blocklistde22"}
{"count":196,"date":"2022-05-31","type":"blocklistde25"}
{"count":109,"date":"2022-05-31","type":"blocklistde443"}
{"count":110,"date":"2022-05-31","type":"blocklistde80"}
{"count":193,"date":"2022-05-31","type":"blocklistde993"}
{"count":109,"date":"2022-05-31","type":"blocklistdeapache"}
{"count":48,"date":"2022-05-31","type":"blocklistdeasterisk"}
{"count":26,"date":"2022-05-31","type":"blocklistdebots"}
{"count":104,"date":"2022-05-31","type":"blocklistdebruteforcelogin"}
{"count":197,"date":"2022-05-31","type":"blocklistdecourierimap"}
{"count":1176,"date":"2022-05-31","type":"ciarmy"}
{"count":44,"date":"2022-05-31","type":"emergincompromised"}
{"count":2,"date":"2022-05-31","type":"emergingthreats"}
{"count":1536,"date":"2022-05-31","type":"forumspam"}
{"count":4,"date":"2022-05-31","type":"miner"}
{"count":28,"date":"2022-05-31","type":"myip"}
{"count":6,"date":"2022-05-31","type":"torexit"}
{"count":189,"date":"2022-06-01","type":"blocklistde110"}
{"count":308,"date":"2022-06-01","type":"blocklistde143"}
{"count":32,"date":"2022-06-01","type":"blocklistde21"}
{"count":626,"date":"2022-06-01","type":"blocklistde22"}
{"count":190,"date":"2022-06-01","type":"blocklistde25"}
{"count":147,"date":"2022-06-01","type":"blocklistde443"}
{"count":151,"date":"2022-06-01","type":"blocklistde80"}
{"count":187,"date":"2022-06-01","type":"blocklistde993"}
{"count":147,"date":"2022-06-01","type":"blocklistdeapache"}
{"count":40,"date":"2022-06-01","type":"blocklistdeasterisk"}
{"count":22,"date":"2022-06-01","type":"blocklistdebots"}
{"count":146,"date":"2022-06-01","type":"blocklistdebruteforcelogin"}
{"count":189,"date":"2022-06-01","type":"blocklistdecourierimap"}
{"count":1171,"date":"2022-06-01","type":"ciarmy"}
{"count":19,"date":"2022-06-01","type":"emergingthreats"}
{"count":1619,"date":"2022-06-01","type":"forumspam"}
{"count":3,"date":"2022-06-01","type":"ipip"}
{"count":5,"date":"2022-06-01","type":"miner"}
{"count":15,"date":"2022-06-01","type":"myip"}
{"count":1,"date":"2022-06-01","type":"tldns"}
{"count":6,"date":"2022-06-01","type":"torexit"}
{"count":167,"date":"2022-06-02","type":"blocklistde110"}
{"count":170,"date":"2022-06-02","type":"blocklistde143"}
{"count":12,"date":"2022-06-02","type":"blocklistde21"}
{"count":617,"date":"2022-06-02","type":"blocklistde22"}
{"count":167,"date":"2022-06-02","type":"blocklistde25"}
{"count":105,"date":"2022-06-02","type":"blocklistde443"}
{"count":107,"date":"2022-06-02","type":"blocklistde80"}
{"count":166,"date":"2022-06-02","type":"blocklistde993"}
{"count":105,"date":"2022-06-02","type":"blocklistdeapache"}
{"count":41,"date":"2022-06-02","type":"blocklistdeasterisk"}
{"count":10,"date":"2022-06-02","type":"blocklistdebots"}
{"count":105,"date":"2022-06-02","type":"blocklistdebruteforcelogin"}
{"count":167,"date":"2022-06-02","type":"blocklistdecourierimap"}
{"count":1007,"date":"2022-06-02","type":"ciarmy"}
{"count":19,"date":"2022-06-02","type":"emergincompromised"}
{"count":11,"date":"2022-06-02","type":"emergingthreats"}
{"count":1285,"date":"2022-06-02","type":"forumspam"}
{"count":4,"date":"2022-06-02","type":"miner"}
{"count":22,"date":"2022-06-02","type":"myip"}
{"count":3,"date":"2022-06-02","type":"torexit"}
{"count":104,"date":"2022-06-03","type":"blocklistde110"}
{"count":163,"date":"2022-06-03","type":"blocklistde143"}
{"count":4,"date":"2022-06-03","type":"blocklistde21"}
{"count":265,"date":"2022-06-03","type":"blocklistde22"}
{"count":102,"date":"2022-06-03","type":"blocklistde25"}
{"count":78,"date":"2022-06-03","type":"blocklistde443"}
{"count":41,"date":"2022-06-03","type":"blocklistde80"}
{"count":171,"date":"2022-06-03","type":"blocklistde993"}
{"count":78,"date":"2022-06-03","type":"blocklistdeapache"}
{"count":24,"date":"2022-06-03","type":"blocklistdeasterisk"}
{"count":6,"date":"2022-06-03","type":"blocklistdebots"}
{"count":38,"date":"2022-06-03","type":"blocklistdebruteforcelogin"}
{"count":104,"date":"2022-06-03","type":"blocklistdecourierimap"}
{"count":580,"date":"2022-06-03","type":"ciarmy"}
{"count":12,"date":"2022-06-03","type":"emergingthreats"}
{"count":703,"date":"2022-06-03","type":"forumspam"}
{"count":4,"date":"2022-06-03","type":"miner"}
{"count":14,"date":"2022-06-03","type":"myip"}
{"count":1,"date":"2022-06-03","type":"torexit"}
{"count":211,"date":"2022-06-04","type":"blocklistde110"}
{"count":285,"date":"2022-06-04","type":"blocklistde143"}
{"count":10,"date":"2022-06-04","type":"blocklistde21"}
{"count":491,"date":"2022-06-04","type":"blocklistde22"}
{"count":208,"date":"2022-06-04","type":"blocklistde25"}
{"count":144,"date":"2022-06-04","type":"blocklistde443"}
{"count":112,"date":"2022-06-04","type":"blocklistde80"}
{"count":271,"date":"2022-06-04","type":"blocklistde993"}
{"count":144,"date":"2022-06-04","type":"blocklistdeapache"}
{"count":27,"date":"2022-06-04","type":"blocklistdeasterisk"}
{"count":16,"date":"2022-06-04","type":"blocklistdebots"}
{"count":102,"date":"2022-06-04","type":"blocklistdebruteforcelogin"}
{"count":211,"date":"2022-06-04","type":"blocklistdecourierimap"}
{"count":1209,"date":"2022-06-04","type":"ciarmy"}
{"count":13,"date":"2022-06-04","type":"emergincompromised"}
{"count":1213,"date":"2022-06-04","type":"forumspam"}
{"count":1,"date":"2022-06-04","type":"miner"}
{"count":27,"date":"2022-06-04","type":"myip"}
{"count":256,"date":"2022-06-04","type":"normshield"}
{"count":7,"date":"2022-06-04","type":"torexit"}
{"count":1,"date":"2022-06-05","type":"binaryedge"}
{"count":221,"date":"2022-06-05","type":"blocklistde110"}
{"count":162,"date":"2022-06-05","type":"blocklistde143"}
{"count":10,"date":"2022-06-05","type":"blocklistde21"}
{"count":551,"date":"2022-06-05","type":"blocklistde22"}
{"count":214,"date":"2022-06-05","type":"blocklistde25"}
{"count":44,"date":"2022-06-05","type":"blocklistde443"}
{"count":113,"date":"2022-06-05","type":"blocklistde80"}
{"count":86,"date":"2022-06-05","type":"blocklistde993"}
{"count":44,"date":"2022-06-05","type":"blocklistdeapache"}
{"count":11,"date":"2022-06-05","type":"blocklistdeasterisk"}
{"count":7,"date":"2022-06-05","type":"blocklistdebots"}
{"count":112,"date":"2022-06-05","type":"blocklistdebruteforcelogin"}
{"count":221,"date":"2022-06-05","type":"blocklistdecourierimap"}
{"count":1690,"date":"2022-06-05","type":"ciarmy"}
{"count":887,"date":"2022-06-05","type":"forumspam"}
{"count":2,"date":"2022-06-05","type":"miner"}
{"count":46,"date":"2022-06-05","type":"myip"}
{"count":1,"date":"2022-06-05","type":"torexit"}
{"count":134,"date":"2022-06-06","type":"blocklistde110"}
{"count":111,"date":"2022-06-06","type":"blocklistde143"}
{"count":16,"date":"2022-06-06","type":"blocklistde21"}
{"count":631,"date":"2022-06-06","type":"blocklistde22"}
{"count":132,"date":"2022-06-06","type":"blocklistde25"}
{"count":44,"date":"2022-06-06","type":"blocklistde443"}
{"count":72,"date":"2022-06-06","type":"blocklistde80"}
{"count":71,"date":"2022-06-06","type":"blocklistde993"}
{"count":44,"date":"2022-06-06","type":"blocklistdeapache"}
{"count":16,"date":"2022-06-06","type":"blocklistdeasterisk"}
{"count":7,"date":"2022-06-06","type":"blocklistdebots"}
{"count":69,"date":"2022-06-06","type":"blocklistdebruteforcelogin"}
{"count":134,"date":"2022-06-06","type":"blocklistdecourierimap"}
{"count":1068,"date":"2022-06-06","type":"ciarmy"}
{"count":30,"date":"2022-06-06","type":"emergingthreats"}
{"count":1222,"date":"2022-06-06","type":"forumspam"}
{"count":3,"date":"2022-06-06","type":"miner"}
{"count":29,"date":"2022-06-06","type":"myip"}
{"count":1,"date":"2022-06-06","type":"tldns"}
{"count":7,"date":"2022-06-06","type":"torexit"}
{"count":1,"date":"2022-06-07","type":"binaryedge"}
{"count":66,"date":"2022-06-07","type":"blocklistde110"}
{"count":84,"date":"2022-06-07","type":"blocklistde143"}
{"count":18,"date":"2022-06-07","type":"blocklistde21"}
{"count":421,"date":"2022-06-07","type":"blocklistde22"}
{"count":125,"date":"2022-06-07","type":"blocklistde25"}
{"count":72,"date":"2022-06-07","type":"blocklistde443"}
{"count":83,"date":"2022-06-07","type":"blocklistde80"}
{"count":131,"date":"2022-06-07","type":"blocklistde993"}
{"count":72,"date":"2022-06-07","type":"blocklistdeapache"}
{"count":31,"date":"2022-06-07","type":"blocklistdeasterisk"}
{"count":14,"date":"2022-06-07","type":"blocklistdebots"}
{"count":39,"date":"2022-06-07","type":"blocklistdebruteforcelogin"}
{"count":62,"date":"2022-06-07","type":"blocklistdecourierimap"}
{"count":1096,"date":"2022-06-07","type":"ciarmy"}
{"count":19,"date":"2022-06-07","type":"emergincompromised"}
{"count":16,"date":"2022-06-07","type":"emergingthreats"}
{"count":1470,"date":"2022-06-07","type":"forumspam"}
{"count":4,"date":"2022-06-07","type":"miner"}
{"count":475,"date":"2022-06-07","type":"myip"}
{"count":13,"date":"2022-06-07","type":"torexit"}
{"count":1,"date":"2022-06-08","type":"binaryedge"}
{"count":261,"date":"2022-06-08","type":"blocklistde110"}
{"count":175,"date":"2022-06-08","type":"blocklistde143"}
{"count":8,"date":"2022-06-08","type":"blocklistde21"}
{"count":495,"date":"2022-06-08","type":"blocklistde22"}
{"count":193,"date":"2022-06-08","type":"blocklistde25"}
{"count":148,"date":"2022-06-08","type":"blocklistde443"}
{"count":107,"date":"2022-06-08","type":"blocklistde80"}
{"count":257,"date":"2022-06-08","type":"blocklistde993"}
{"count":148,"date":"2022-06-08","type":"blocklistdeapache"}
{"count":37,"date":"2022-06-08","type":"blocklistdeasterisk"}
{"count":13,"date":"2022-06-08","type":"blocklistdebots"}
{"count":136,"date":"2022-06-08","type":"blocklistdebruteforcelogin"}
{"count":258,"date":"2022-06-08","type":"blocklistdecourierimap"}
{"count":1155,"date":"2022-06-08","type":"ciarmy"}
{"count":10,"date":"2022-06-08","type":"emergincompromised"}
{"count":15,"date":"2022-06-08","type":"emergingthreats"}
{"count":467,"date":"2022-06-08","type":"forumspam"}
{"count":5,"date":"2022-06-08","type":"miner"}
{"count":34,"date":"2022-06-08","type":"myip"}
{"count":1,"date":"2022-06-08","type":"tldns"}
{"count":12,"date":"2022-06-08","type":"torexit"}
{"count":1,"date":"2022-06-09","type":"binaryedge"}
{"count":201,"date":"2022-06-09","type":"blocklistde110"}
{"count":193,"date":"2022-06-09","type":"blocklistde143"}
{"count":16,"date":"2022-06-09","type":"blocklistde21"}
{"count":564,"date":"2022-06-09","type":"blocklistde22"}
{"count":196,"date":"2022-06-09","type":"blocklistde25"}
{"count":172,"date":"2022-06-09","type":"blocklistde443"}
{"count":181,"date":"2022-06-09","type":"blocklistde80"}
{"count":197,"date":"2022-06-09","type":"blocklistde993"}
{"count":172,"date":"2022-06-09","type":"blocklistdeapache"}
{"count":35,"date":"2022-06-09","type":"blocklistdeasterisk"}
{"count":18,"date":"2022-06-09","type":"blocklistdebots"}
{"count":169,"date":"2022-06-09","type":"blocklistdebruteforcelogin"}
{"count":188,"date":"2022-06-09","type":"blocklistdecourierimap"}
{"count":1091,"date":"2022-06-09","type":"ciarmy"}
{"count":5,"date":"2022-06-09","type":"emergincompromised"}
{"count":20,"date":"2022-06-09","type":"emergingthreats"}
{"count":2180,"date":"2022-06-09","type":"forumspam"}
{"count":1,"date":"2022-06-09","type":"miner"}
{"count":27,"date":"2022-06-09","type":"myip"}
{"count":1,"date":"2022-06-09","type":"tldns"}
{"count":10,"date":"2022-06-09","type":"torexit"}
{"count":303,"date":"2022-06-10","type":"blocklistde110"}
{"count":281,"date":"2022-06-10","type":"blocklistde143"}
{"count":7,"date":"2022-06-10","type":"blocklistde21"}
{"count":592,"date":"2022-06-10","type":"blocklistde22"}
{"count":298,"date":"2022-06-10","type":"blocklistde25"}
{"count":122,"date":"2022-06-10","type":"blocklistde443"}
{"count":119,"date":"2022-06-10","type":"blocklistde80"}
{"count":305,"date":"2022-06-10","type":"blocklistde993"}
{"count":122,"date":"2022-06-10","type":"blocklistdeapache"}
{"count":42,"date":"2022-06-10","type":"blocklistdeasterisk"}
{"count":17,"date":"2022-06-10","type":"blocklistdebots"}
{"count":121,"date":"2022-06-10","type":"blocklistdebruteforcelogin"}
{"count":305,"date":"2022-06-10","type":"blocklistdecourierimap"}
{"count":1012,"date":"2022-06-10","type":"ciarmy"}
{"count":12,"date":"2022-06-10","type":"emergincompromised"}
{"count":15,"date":"2022-06-10","type":"emergingthreats"}
{"count":1242,"date":"2022-06-10","type":"forumspam"}
{"count":1,"date":"2022-06-10","type":"miner"}
{"count":14,"date":"2022-06-10","type":"myip"}
{"count":9,"date":"2022-06-10","type":"torexit"}
{"count":524,"date":"2022-06-11","type":"blocklistde110"}
{"count":527,"date":"2022-06-11","type":"blocklistde143"}
{"count":16,"date":"2022-06-11","type":"blocklistde21"}
{"count":700,"date":"2022-06-11","type":"blocklistde22"}
{"count":521,"date":"2022-06-11","type":"blocklistde25"}
{"count":105,"date":"2022-06-11","type":"blocklistde443"}
{"count":104,"date":"2022-06-11","type":"blocklistde80"}
{"count":522,"date":"2022-06-11","type":"blocklistde993"}
{"count":105,"date":"2022-06-11","type":"blocklistdeapache"}
{"count":120,"date":"2022-06-11","type":"blocklistdeasterisk"}
{"count":16,"date":"2022-06-11","type":"blocklistdebots"}
{"count":96,"date":"2022-06-11","type":"blocklistdebruteforcelogin"}
{"count":522,"date":"2022-06-11","type":"blocklistdecourierimap"}
{"count":1107,"date":"2022-06-11","type":"ciarmy"}
{"count":14,"date":"2022-06-11","type":"emergincompromised"}
{"count":1068,"date":"2022-06-11","type":"forumspam"}
{"count":6,"date":"2022-06-11","type":"miner"}
{"count":9,"date":"2022-06-11","type":"myip"}
{"count":1,"date":"2022-06-11","type":"tldns"}
{"count":7,"date":"2022-06-11","type":"torexit"}
{"count":99,"date":"2022-06-12","type":"blocklistde110"}
{"count":315,"date":"2022-06-12","type":"blocklistde143"}
{"count":13,"date":"2022-06-12","type":"blocklistde21"}
{"count":388,"date":"2022-06-12","type":"blocklistde22"}
{"count":95,"date":"2022-06-12","type":"blocklistde25"}
{"count":86,"date":"2022-06-12","type":"blocklistde443"}
{"count":35,"date":"2022-06-12","type":"blocklistde80"}
{"count":363,"date":"2022-06-12","type":"blocklistde993"}
{"count":86,"date":"2022-06-12","type":"blocklistdeapache"}
{"count":83,"date":"2022-06-12","type":"blocklistdeasterisk"}
{"count":10,"date":"2022-06-12","type":"blocklistdebots"}
{"count":79,"date":"2022-06-12","type":"blocklistdebruteforcelogin"}
{"count":363,"date":"2022-06-12","type":"blocklistdecourierimap"}
{"count":1506,"date":"2022-06-12","type":"ciarmy"}
{"count":438,"date":"2022-06-12","type":"forumspam"}
{"count":2,"date":"2022-06-12","type":"miner"}
{"count":13,"date":"2022-06-12","type":"myip"}
{"count":2,"date":"2022-06-13","type":"binaryedge"}
{"count":457,"date":"2022-06-13","type":"blocklistde110"}
{"count":400,"date":"2022-06-13","type":"blocklistde143"}
{"count":26,"date":"2022-06-13","type":"blocklistde21"}
{"count":1096,"date":"2022-06-13","type":"blocklistde22"}
{"count":450,"date":"2022-06-13","type":"blocklistde25"}
{"count":36,"date":"2022-06-13","type":"blocklistde443"}
{"count":87,"date":"2022-06-13","type":"blocklistde80"}
{"count":204,"date":"2022-06-13","type":"blocklistde993"}
{"count":36,"date":"2022-06-13","type":"blocklistdeapache"}
{"count":16,"date":"2022-06-13","type":"blocklistdeasterisk"}
{"count":6,"date":"2022-06-13","type":"blocklistdebots"}
{"count":32,"date":"2022-06-13","type":"blocklistdebruteforcelogin"}
{"count":204,"date":"2022-06-13","type":"blocklistdecourierimap"}
{"count":574,"date":"2022-06-13","type":"ciarmy"}
{"count":18,"date":"2022-06-13","type":"emergingthreats"}
{"count":1302,"date":"2022-06-13","type":"forumspam"}
{"count":4,"date":"2022-06-13","type":"miner"}
{"count":15,"date":"2022-06-13","type":"myip"}
{"count":13,"date":"2022-06-14","type":"binaryedge"}
{"count":375,"date":"2022-06-14","type":"blocklistde110"}
{"count":379,"date":"2022-06-14","type":"blocklistde143"}
{"count":11,"date":"2022-06-14","type":"blocklistde21"}
{"count":1162,"date":"2022-06-14","type":"blocklistde22"}
{"count":376,"date":"2022-06-14","type":"blocklistde25"}
{"count":87,"date":"2022-06-14","type":"blocklistde443"}
{"count":82,"date":"2022-06-14","type":"blocklistde80"}
{"count":364,"date":"2022-06-14","type":"blocklistde993"}
{"count":87,"date":"2022-06-14","type":"blocklistdeapache"}
{"count":39,"date":"2022-06-14","type":"blocklistdeasterisk"}
{"count":13,"date":"2022-06-14","type":"blocklistdebots"}
{"count":65,"date":"2022-06-14","type":"blocklistdebruteforcelogin"}
{"count":363,"date":"2022-06-14","type":"blocklistdecourierimap"}
{"count":986,"date":"2022-06-14","type":"ciarmy"}
{"count":18,"date":"2022-06-14","type":"emergincompromised"}
{"count":13,"date":"2022-06-14","type":"emergingthreats"}
{"count":1511,"date":"2022-06-14","type":"forumspam"}
{"count":4,"date":"2022-06-14","type":"miner"}
{"count":27,"date":"2022-06-14","type":"myip"}
{"count":1,"date":"2022-06-15","type":"binaryedge"}
{"count":736,"date":"2022-06-15","type":"blocklistde110"}
{"count":801,"date":"2022-06-15","type":"blocklistde143"}
{"count":4,"date":"2022-06-15","type":"blocklistde21"}
{"count":834,"date":"2022-06-15","type":"blocklistde22"}
{"count":725,"date":"2022-06-15","type":"blocklistde25"}
{"count":92,"date":"2022-06-15","type":"blocklistde443"}
{"count":98,"date":"2022-06-15","type":"blocklistde80"}
{"count":717,"date":"2022-06-15","type":"blocklistde993"}
{"count":92,"date":"2022-06-15","type":"blocklistdeapache"}
{"count":123,"date":"2022-06-15","type":"blocklistdeasterisk"}
{"count":10,"date":"2022-06-15","type":"blocklistdebots"}
{"count":70,"date":"2022-06-15","type":"blocklistdebruteforcelogin"}
{"count":717,"date":"2022-06-15","type":"blocklistdecourierimap"}
{"count":1063,"date":"2022-06-15","type":"ciarmy"}
{"count":9,"date":"2022-06-15","type":"emergincompromised"}
{"count":11,"date":"2022-06-15","type":"emergingthreats"}
{"count":1495,"date":"2022-06-15","type":"forumspam"}
{"count":5,"date":"2022-06-15","type":"miner"}
{"count":10,"date":"2022-06-15","type":"myip"}
{"count":37,"date":"2022-06-15","type":"torexit"}
{"count":3,"date":"2022-06-16","type":"binaryedge"}
{"count":541,"date":"2022-06-16","type":"blocklistde110"}
{"count":479,"date":"2022-06-16","type":"blocklistde143"}
{"count":26,"date":"2022-06-16","type":"blocklistde21"}
{"count":4242,"date":"2022-06-16","type":"blocklistde22"}
{"count":529,"date":"2022-06-16","type":"blocklistde25"}
{"count":96,"date":"2022-06-16","type":"blocklistde443"}
{"count":106,"date":"2022-06-16","type":"blocklistde80"}
{"count":545,"date":"2022-06-16","type":"blocklistde993"}
{"count":96,"date":"2022-06-16","type":"blocklistdeapache"}
{"count":117,"date":"2022-06-16","type":"blocklistdeasterisk"}
{"count":10,"date":"2022-06-16","type":"blocklistdebots"}
{"count":81,"date":"2022-06-16","type":"blocklistdebruteforcelogin"}
{"count":545,"date":"2022-06-16","type":"blocklistdecourierimap"}
{"count":1099,"date":"2022-06-16","type":"ciarmy"}
{"count":5,"date":"2022-06-16","type":"emergincompromised"}
{"count":20,"date":"2022-06-16","type":"emergingthreats"}
{"count":1638,"date":"2022-06-16","type":"forumspam"}
{"count":3,"date":"2022-06-16","type":"miner"}
{"count":17,"date":"2022-06-16","type":"myip"}
{"count":11,"date":"2022-06-16","type":"torexit"}
{"count":2,"date":"2022-06-17","type":"binaryedge"}
{"count":596,"date":"2022-06-17","type":"blocklistde110"}
{"count":469,"date":"2022-06-17","type":"blocklistde143"}
{"count":26,"date":"2022-06-17","type":"blocklistde21"}
{"count":1418,"date":"2022-06-17","type":"blocklistde22"}
{"count":595,"date":"2022-06-17","type":"blocklistde25"}
{"count":143,"date":"2022-06-17","type":"blocklistde443"}
{"count":134,"date":"2022-06-17","type":"blocklistde80"}
{"count":619,"date":"2022-06-17","type":"blocklistde993"}
{"count":143,"date":"2022-06-17","type":"blocklistdeapache"}
{"count":69,"date":"2022-06-17","type":"blocklistdeasterisk"}
{"count":13,"date":"2022-06-17","type":"blocklistdebots"}
{"count":141,"date":"2022-06-17","type":"blocklistdebruteforcelogin"}
{"count":623,"date":"2022-06-17","type":"blocklistdecourierimap"}
{"count":1030,"date":"2022-06-17","type":"ciarmy"}
{"count":8,"date":"2022-06-17","type":"emergincompromised"}
{"count":6,"date":"2022-06-17","type":"emergingthreats"}
{"count":1300,"date":"2022-06-17","type":"forumspam"}
{"count":1,"date":"2022-06-17","type":"internetcensus"}
{"count":16,"date":"2022-06-17","type":"myip"}
{"count":6,"date":"2022-06-17","type":"torexit"}
{"count":1,"date":"2022-06-18","type":"binaryedge"}
{"count":622,"date":"2022-06-18","type":"blocklistde110"}
{"count":418,"date":"2022-06-18","type":"blocklistde143"}
{"count":20,"date":"2022-06-18","type":"blocklistde21"}
{"count":1288,"date":"2022-06-18","type":"blocklistde22"}
{"count":619,"date":"2022-06-18","type":"blocklistde25"}
{"count":84,"date":"2022-06-18","type":"blocklistde443"}
{"count":81,"date":"2022-06-18","type":"blocklistde80"}
{"count":433,"date":"2022-06-18","type":"blocklistde993"}
{"count":84,"date":"2022-06-18","type":"blocklistdeapache"}
{"count":208,"date":"2022-06-18","type":"blocklistdeasterisk"}
{"count":10,"date":"2022-06-18","type":"blocklistdebots"}
{"count":79,"date":"2022-06-18","type":"blocklistdebruteforcelogin"}
{"count":437,"date":"2022-06-18","type":"blocklistdecourierimap"}
{"count":1026,"date":"2022-06-18","type":"ciarmy"}
{"count":9,"date":"2022-06-18","type":"emergincompromised"}
{"count":1061,"date":"2022-06-18","type":"forumspam"}
{"count":15,"date":"2022-06-18","type":"myip"}
{"count":17,"date":"2022-06-18","type":"torexit"}
{"count":146,"date":"2022-06-19","type":"blocklistde110"}
{"count":333,"date":"2022-06-19","type":"blocklistde143"}
{"count":7,"date":"2022-06-19","type":"blocklistde21"}
{"count":5156,"date":"2022-06-19","type":"blocklistde22"}
{"count":143,"date":"2022-06-19","type":"blocklistde25"}
{"count":91,"date":"2022-06-19","type":"blocklistde443"}
{"count":105,"date":"2022-06-19","type":"blocklistde80"}
{"count":315,"date":"2022-06-19","type":"blocklistde993"}
{"count":91,"date":"2022-06-19","type":"blocklistdeapache"}
{"count":123,"date":"2022-06-19","type":"blocklistdeasterisk"}
{"count":11,"date":"2022-06-19","type":"blocklistdebots"}
{"count":90,"date":"2022-06-19","type":"blocklistdebruteforcelogin"}
{"count":311,"date":"2022-06-19","type":"blocklistdecourierimap"}
{"count":1380,"date":"2022-06-19","type":"ciarmy"}
{"count":982,"date":"2022-06-19","type":"forumspam"}
{"count":4,"date":"2022-06-19","type":"miner"}
{"count":8,"date":"2022-06-19","type":"myip"}
{"count":11,"date":"2022-06-19","type":"torexit"}
{"count":2,"date":"2022-06-20","type":"binaryedge"}
{"count":225,"date":"2022-06-20","type":"blocklistde110"}
{"count":211,"date":"2022-06-20","type":"blocklistde143"}
{"count":11,"date":"2022-06-20","type":"blocklistde21"}
{"count":2116,"date":"2022-06-20","type":"blocklistde22"}
{"count":222,"date":"2022-06-20","type":"blocklistde25"}
{"count":156,"date":"2022-06-20","type":"blocklistde443"}
{"count":145,"date":"2022-06-20","type":"blocklistde80"}
{"count":227,"date":"2022-06-20","type":"blocklistde993"}
{"count":156,"date":"2022-06-20","type":"blocklistdeapache"}
{"count":203,"date":"2022-06-20","type":"blocklistdeasterisk"}
{"count":8,"date":"2022-06-20","type":"blocklistdebots"}
{"count":145,"date":"2022-06-20","type":"blocklistdebruteforcelogin"}
{"count":227,"date":"2022-06-20","type":"blocklistdecourierimap"}
{"count":790,"date":"2022-06-20","type":"ciarmy"}
{"count":17,"date":"2022-06-20","type":"emergingthreats"}
{"count":1448,"date":"2022-06-20","type":"forumspam"}
{"count":1,"date":"2022-06-20","type":"miner"}
{"count":12,"date":"2022-06-20","type":"myip"}
{"count":6,"date":"2022-06-20","type":"torexit"}
{"count":1,"date":"2022-06-21","type":"binaryedge"}
{"count":174,"date":"2022-06-21","type":"blocklistde110"}
{"count":174,"date":"2022-06-21","type":"blocklistde143"}
{"count":18,"date":"2022-06-21","type":"blocklistde21"}
{"count":1399,"date":"2022-06-21","type":"blocklistde22"}
{"count":173,"date":"2022-06-21","type":"blocklistde25"}
{"count":137,"date":"2022-06-21","type":"blocklistde443"}
{"count":145,"date":"2022-06-21","type":"blocklistde80"}
{"count":166,"date":"2022-06-21","type":"blocklistde993"}
{"count":137,"date":"2022-06-21","type":"blocklistdeapache"}
{"count":161,"date":"2022-06-21","type":"blocklistdeasterisk"}
{"count":21,"date":"2022-06-21","type":"blocklistdebots"}
{"count":118,"date":"2022-06-21","type":"blocklistdebruteforcelogin"}
{"count":177,"date":"2022-06-21","type":"blocklistdecourierimap"}
{"count":815,"date":"2022-06-21","type":"ciarmy"}
{"count":22,"date":"2022-06-21","type":"emergincompromised"}
{"count":2,"date":"2022-06-21","type":"emergingthreats"}
{"count":1522,"date":"2022-06-21","type":"forumspam"}
{"count":4,"date":"2022-06-21","type":"miner"}
{"count":8,"date":"2022-06-21","type":"myip"}
{"count":6,"date":"2022-06-21","type":"torexit"}
{"count":1,"date":"2022-06-22","type":"binaryedge"}
{"count":370,"date":"2022-06-22","type":"blocklistde110"}
{"count":364,"date":"2022-06-22","type":"blocklistde143"}
{"count":22,"date":"2022-06-22","type":"blocklistde21"}
{"count":1226,"date":"2022-06-22","type":"blocklistde22"}
{"count":364,"date":"2022-06-22","type":"blocklistde25"}
{"count":125,"date":"2022-06-22","type":"blocklistde443"}
{"count":118,"date":"2022-06-22","type":"blocklistde80"}
{"count":367,"date":"2022-06-22","type":"blocklistde993"}
{"count":126,"date":"2022-06-22","type":"blocklistdeapache"}
{"count":144,"date":"2022-06-22","type":"blocklistdeasterisk"}
{"count":10,"date":"2022-06-22","type":"blocklistdebots"}
{"count":112,"date":"2022-06-22","type":"blocklistdebruteforcelogin"}
{"count":362,"date":"2022-06-22","type":"blocklistdecourierimap"}
{"count":1193,"date":"2022-06-22","type":"ciarmy"}
{"count":1484,"date":"2022-06-22","type":"forumspam"}
{"count":2,"date":"2022-06-22","type":"miner"}
{"count":12,"date":"2022-06-22","type":"myip"}
{"count":6,"date":"2022-06-22","type":"torexit"}
{"count":20,"date":"2022-06-23","type":"emergingthreats"}
